0 silly argv { _: [ 'clean' ],
0 silly argv   lernaVersion: '3.16.4',
0 silly argv   '$0': 'node_modules\\lerna\\cli.js' }
1 notice cli v3.16.4
2 verbose rootPath C:\Users\fhs33517\Documents\SEG_Datagateway_Project_3\datagateway
3 info Removing the following directories:
4 info clean packages\datagateway-common\node_modules
4 info clean packages\datagateway-download\node_modules
4 info clean packages\datagateway-search\node_modules
4 info clean packages\datagateway-table\node_modules
5 info clean removing C:\Users\fhs33517\Documents\SEG_Datagateway_Project_3\datagateway\packages\datagateway-common\node_modules
6 silly rimrafDir C:\Users\fhs33517\Documents\SEG_Datagateway_Project_3\datagateway\packages\datagateway-common\node_modules
7 info clean removing C:\Users\fhs33517\Documents\SEG_Datagateway_Project_3\datagateway\packages\datagateway-download\node_modules
8 silly rimrafDir C:\Users\fhs33517\Documents\SEG_Datagateway_Project_3\datagateway\packages\datagateway-download\node_modules
9 info clean removing C:\Users\fhs33517\Documents\SEG_Datagateway_Project_3\datagateway\packages\datagateway-search\node_modules
10 silly rimrafDir C:\Users\fhs33517\Documents\SEG_Datagateway_Project_3\datagateway\packages\datagateway-search\node_modules
11 info clean removing C:\Users\fhs33517\Documents\SEG_Datagateway_Project_3\datagateway\packages\datagateway-table\node_modules
12 silly rimrafDir C:\Users\fhs33517\Documents\SEG_Datagateway_Project_3\datagateway\packages\datagateway-table\node_modules
13 error Error: Command failed: C:\Program Files\nodejs\node.exe C:\Users\fhs33517\Documents\SEG_Datagateway_Project_3\datagateway\node_modules\rimraf\bin.js --no-glob C:\Users\fhs33517\Documents\SEG_Datagateway_Project_3\datagateway\packages\datagateway-common\node_modules\
13 error     at makeError (C:\Users\fhs33517\Documents\SEG_Datagateway_Project_3\datagateway\node_modules\execa\index.js:174:9)
13 error     at Promise.all.then.arr (C:\Users\fhs33517\Documents\SEG_Datagateway_Project_3\datagateway\node_modules\execa\index.js:278:16)
